<?xml version="1.0" encoding="UTF-8"?>
<testsuite name="org.packing.ParsingTest" tests="2" skipped="0" failures="0" errors="0" timestamp="2023-12-03T22:30:42" hostname="Predator" time="0.005">
  <properties/>
  <testcase name="splitByParentheses()" classname="org.packing.ParsingTest" time="0.002"/>
  <testcase name="parseInputTest()" classname="org.packing.ParsingTest" time="0.002"/>
  <system-out><![CDATA[]]></system-out>
  <system-err><![CDATA[]]></system-err>
</testsuite>
